2026-02-05 02:54:54 DEBUG - Got browser profile options from settings file: 
{disable-popup-blocking=true, profile.default_content_settings.popups=0, download.prompt_for_download=false, intl.accept_languages=en, safebrowsing.enabled=true, download.default_directory=./src/test/resources}
2026-02-05 02:54:54 DEBUG - Got browser logging preferences from settings file: 
{Performance=All}
2026-02-05 02:54:57 DEBUG - Set '40' timeout in seconds for loading of pages
2026-02-05 02:54:57 DEBUG - Set async javascript execution timeout '30' in seconds
2026-02-05 02:54:57 INFO  - Browser 'CHROME' ready...
2026-02-05 02:54:57 INFO  - Maximizing browser window
2026-02-05 02:54:58 INFO  - Navigate to url - 'https://the-internet.herokuapp.com'
2026-02-05 02:54:59 INFO  - Navigate to url - 'https://the-internet.herokuapp.com'
2026-02-05 02:55:03 INFO  - Link 'Checkboxes link' :: Clicking
2026-02-05 02:55:03 DEBUG - Set implicit timeout '0' in seconds
2026-02-05 02:55:03 DEBUG - Set implicit timeout '10' in seconds
2026-02-05 02:55:03 DEBUG - Set implicit timeout '0' in seconds
2026-02-05 02:55:03 DEBUG - Set implicit timeout '10' in seconds
2026-02-05 02:55:04 INFO  - CheckBox 'Checkbox 1' :: Getting state
2026-02-05 02:55:04 DEBUG - Set implicit timeout '0' in seconds
2026-02-05 02:55:04 DEBUG - Set implicit timeout '10' in seconds
2026-02-05 02:55:04 INFO  - CheckBox 'Checkbox 1' :: State: [false]
2026-02-05 02:55:04 INFO  - CheckBox 'Checkbox 1' :: Setting value - 'true'
2026-02-05 02:55:04 DEBUG - Set implicit timeout '0' in seconds
2026-02-05 02:55:04 DEBUG - Set implicit timeout '10' in seconds
2026-02-05 02:55:04 INFO  - CheckBox 'Checkbox 1' :: Clicking
2026-02-05 02:55:04 DEBUG - Set implicit timeout '0' in seconds
2026-02-05 02:55:04 DEBUG - Set implicit timeout '10' in seconds
2026-02-05 02:55:04 DEBUG - Set implicit timeout '0' in seconds
2026-02-05 02:55:04 DEBUG - Set implicit timeout '10' in seconds
2026-02-05 02:55:04 INFO  - CheckBox 'Checkbox 1' :: Getting state
2026-02-05 02:55:04 DEBUG - Set implicit timeout '0' in seconds
2026-02-05 02:55:04 DEBUG - Set implicit timeout '10' in seconds
2026-02-05 02:55:04 INFO  - CheckBox 'Checkbox 1' :: State: [true]
2026-02-05 02:55:04 INFO  - Refreshing the page
2026-02-05 02:55:04 INFO  - CheckBox 'Checkbox 1' :: Getting state
2026-02-05 02:55:04 DEBUG - Set implicit timeout '0' in seconds
2026-02-05 02:55:05 DEBUG - Set implicit timeout '10' in seconds
2026-02-05 02:55:05 INFO  - CheckBox 'Checkbox 1' :: State: [false]
2026-02-05 02:55:05 INFO  - Closing browser
2026-02-05 02:55:06 DEBUG - Got browser profile options from settings file: 
{disable-popup-blocking=true, profile.default_content_settings.popups=0, download.prompt_for_download=false, intl.accept_languages=en, safebrowsing.enabled=true, download.default_directory=./src/test/resources}
2026-02-05 02:55:06 DEBUG - Got browser logging preferences from settings file: 
{Performance=All}
2026-02-05 02:55:07 DEBUG - Set '40' timeout in seconds for loading of pages
2026-02-05 02:55:07 DEBUG - Set async javascript execution timeout '30' in seconds
2026-02-05 02:55:07 INFO  - Browser 'CHROME' ready...
2026-02-05 02:55:07 INFO  - Maximizing browser window
2026-02-05 02:55:07 INFO  - Navigate to url - 'https://the-internet.herokuapp.com'
2026-02-05 02:55:11 INFO  - Navigate to url - 'https://the-internet.herokuapp.com'
2026-02-05 02:55:12 INFO  - Link 'Multiple Windows link' :: Scrolling to the center via JavaScript
2026-02-05 02:55:12 DEBUG - Set implicit timeout '0' in seconds
2026-02-05 02:55:12 DEBUG - Set implicit timeout '10' in seconds
2026-02-05 02:55:12 INFO  - Link 'Multiple Windows link' :: Clicking
2026-02-05 02:55:12 DEBUG - Set implicit timeout '0' in seconds
2026-02-05 02:55:12 DEBUG - Set implicit timeout '10' in seconds
2026-02-05 02:55:12 DEBUG - Set implicit timeout '0' in seconds
2026-02-05 02:55:12 DEBUG - Set implicit timeout '10' in seconds
2026-02-05 02:55:13 DEBUG - Set implicit timeout '0' in seconds
2026-02-05 02:55:13 DEBUG - Set implicit timeout '10' in seconds
2026-02-05 02:55:13 INFO  - Link 'Click Here link' :: Clicking
2026-02-05 02:55:13 DEBUG - Set implicit timeout '0' in seconds
2026-02-05 02:55:13 DEBUG - Set implicit timeout '10' in seconds
2026-02-05 02:55:13 DEBUG - Set implicit timeout '0' in seconds
2026-02-05 02:55:13 DEBUG - Set implicit timeout '10' in seconds
2026-02-05 02:55:13 INFO  - Label 'Header' :: Getting text from element
2026-02-05 02:55:13 DEBUG - Set implicit timeout '0' in seconds
2026-02-05 02:55:13 DEBUG - Set implicit timeout '10' in seconds
2026-02-05 02:55:13 DEBUG - Set implicit timeout '0' in seconds
2026-02-05 02:55:13 DEBUG - Set implicit timeout '10' in seconds
2026-02-05 02:55:13 INFO  - Label 'Header' :: Element's text: [New Window]
2026-02-05 02:55:13 INFO  - Return to previous page
2026-02-05 02:55:13 DEBUG - Set implicit timeout '0' in seconds
2026-02-05 02:55:13 DEBUG - Set implicit timeout '10' in seconds
2026-02-05 02:55:13 INFO  - Closing browser
2026-02-05 21:09:22 DEBUG - Got browser profile options from settings file: 
{disable-popup-blocking=true, profile.default_content_settings.popups=0, download.prompt_for_download=false, intl.accept_languages=en, safebrowsing.enabled=true, download.default_directory=./src/test/resources}
2026-02-05 21:09:22 DEBUG - Got browser logging preferences from settings file: 
{Performance=All}
2026-02-05 21:09:27 DEBUG - Set '40' timeout in seconds for loading of pages
2026-02-05 21:09:27 DEBUG - Set async javascript execution timeout '30' in seconds
2026-02-05 21:09:27 INFO  - Browser 'CHROME' ready...
2026-02-05 21:09:27 INFO  - Maximizing browser window
2026-02-05 21:09:27 INFO  - Navigate to url - 'https://the-internet.herokuapp.com'
2026-02-05 21:09:34 DEBUG - Set implicit timeout '0' in seconds
2026-02-05 21:09:34 DEBUG - Set implicit timeout '10' in seconds
2026-02-05 21:09:34 INFO  - Link 'Checkboxes link' :: Clicking
2026-02-05 21:09:35 DEBUG - Set implicit timeout '0' in seconds
2026-02-05 21:09:35 DEBUG - Set implicit timeout '10' in seconds
2026-02-05 21:09:35 DEBUG - Set implicit timeout '0' in seconds
2026-02-05 21:09:35 DEBUG - Set implicit timeout '10' in seconds
2026-02-05 21:09:35 INFO  - CheckBox 'Checkbox 1' :: Getting state
2026-02-05 21:09:35 DEBUG - Set implicit timeout '0' in seconds
2026-02-05 21:09:35 DEBUG - Set implicit timeout '10' in seconds
2026-02-05 21:09:35 INFO  - CheckBox 'Checkbox 1' :: State: [false]
2026-02-05 21:09:35 INFO  - CheckBox 'Checkbox 1' :: Setting value - 'true'
2026-02-05 21:09:35 DEBUG - Set implicit timeout '0' in seconds
2026-02-05 21:09:35 DEBUG - Set implicit timeout '10' in seconds
2026-02-05 21:09:35 INFO  - CheckBox 'Checkbox 1' :: Clicking
2026-02-05 21:09:35 DEBUG - Set implicit timeout '0' in seconds
2026-02-05 21:09:35 DEBUG - Set implicit timeout '10' in seconds
2026-02-05 21:09:35 DEBUG - Set implicit timeout '0' in seconds
2026-02-05 21:09:35 DEBUG - Set implicit timeout '10' in seconds
2026-02-05 21:09:35 INFO  - CheckBox 'Checkbox 1' :: Getting state
2026-02-05 21:09:35 DEBUG - Set implicit timeout '0' in seconds
2026-02-05 21:09:35 DEBUG - Set implicit timeout '10' in seconds
2026-02-05 21:09:35 INFO  - CheckBox 'Checkbox 1' :: State: [true]
2026-02-05 21:09:35 INFO  - Refreshing the page
2026-02-05 21:09:35 INFO  - CheckBox 'Checkbox 1' :: Getting state
2026-02-05 21:09:35 DEBUG - Set implicit timeout '0' in seconds
2026-02-05 21:09:36 DEBUG - Set implicit timeout '10' in seconds
2026-02-05 21:09:36 INFO  - CheckBox 'Checkbox 1' :: State: [false]
2026-02-05 21:09:36 INFO  - Closing browser
2026-02-05 21:09:36 DEBUG - Got browser profile options from settings file: 
{disable-popup-blocking=true, profile.default_content_settings.popups=0, download.prompt_for_download=false, intl.accept_languages=en, safebrowsing.enabled=true, download.default_directory=./src/test/resources}
2026-02-05 21:09:36 DEBUG - Got browser logging preferences from settings file: 
{Performance=All}
2026-02-05 21:09:38 DEBUG - Set '40' timeout in seconds for loading of pages
2026-02-05 21:09:38 DEBUG - Set async javascript execution timeout '30' in seconds
2026-02-05 21:09:38 INFO  - Browser 'CHROME' ready...
2026-02-05 21:09:38 INFO  - Maximizing browser window
2026-02-05 21:09:38 INFO  - Navigate to url - 'https://the-internet.herokuapp.com'
2026-02-05 21:09:40 DEBUG - Set implicit timeout '0' in seconds
2026-02-05 21:09:40 DEBUG - Set implicit timeout '10' in seconds
2026-02-05 21:09:41 INFO  - Link 'Multiple Windows link' :: Scrolling to the center via JavaScript
2026-02-05 21:09:41 DEBUG - Set implicit timeout '0' in seconds
2026-02-05 21:09:41 DEBUG - Set implicit timeout '10' in seconds
2026-02-05 21:09:41 INFO  - Link 'Multiple Windows link' :: Clicking
2026-02-05 21:09:41 DEBUG - Set implicit timeout '0' in seconds
2026-02-05 21:09:41 DEBUG - Set implicit timeout '10' in seconds
2026-02-05 21:09:41 DEBUG - Set implicit timeout '0' in seconds
2026-02-05 21:09:41 DEBUG - Set implicit timeout '10' in seconds
2026-02-05 21:09:41 DEBUG - Set implicit timeout '0' in seconds
2026-02-05 21:09:41 DEBUG - Set implicit timeout '10' in seconds
2026-02-05 21:09:41 INFO  - Link 'Click Here link' :: Clicking
2026-02-05 21:09:41 DEBUG - Set implicit timeout '0' in seconds
2026-02-05 21:09:41 DEBUG - Set implicit timeout '10' in seconds
2026-02-05 21:09:41 DEBUG - Set implicit timeout '0' in seconds
2026-02-05 21:09:41 DEBUG - Set implicit timeout '10' in seconds
2026-02-05 21:09:41 INFO  - Label 'Header' :: Getting text from element
2026-02-05 21:09:41 DEBUG - Set implicit timeout '0' in seconds
2026-02-05 21:09:41 DEBUG - Set implicit timeout '10' in seconds
2026-02-05 21:09:41 DEBUG - Set implicit timeout '0' in seconds
2026-02-05 21:09:41 DEBUG - Set implicit timeout '10' in seconds
2026-02-05 21:09:42 INFO  - Label 'Header' :: Element's text: [New Window]
2026-02-05 21:09:42 INFO  - Return to previous page
2026-02-05 21:09:42 DEBUG - Set implicit timeout '0' in seconds
2026-02-05 21:09:42 DEBUG - Set implicit timeout '10' in seconds
2026-02-05 21:09:42 INFO  - Closing browser
2026-02-05 21:10:59 DEBUG - Got browser profile options from settings file: 
{disable-popup-blocking=true, profile.default_content_settings.popups=0, download.prompt_for_download=false, intl.accept_languages=en, safebrowsing.enabled=true, download.default_directory=./src/test/resources}
2026-02-05 21:10:59 DEBUG - Got browser logging preferences from settings file: 
{Performance=All}
2026-02-05 21:11:02 DEBUG - Set '40' timeout in seconds for loading of pages
2026-02-05 21:11:02 DEBUG - Set async javascript execution timeout '30' in seconds
2026-02-05 21:11:02 INFO  - Browser 'CHROME' ready...
2026-02-05 21:11:02 INFO  - Maximizing browser window
2026-02-05 21:11:02 INFO  - Navigate to url - 'https://the-internet.herokuapp.com'
2026-02-05 21:11:05 DEBUG - Set implicit timeout '0' in seconds
2026-02-05 21:11:05 DEBUG - Set implicit timeout '10' in seconds
2026-02-05 21:11:05 INFO  - Link 'Checkboxes link' :: Clicking
2026-02-05 21:11:05 DEBUG - Set implicit timeout '0' in seconds
2026-02-05 21:11:05 DEBUG - Set implicit timeout '10' in seconds
2026-02-05 21:11:05 DEBUG - Set implicit timeout '0' in seconds
2026-02-05 21:11:05 DEBUG - Set implicit timeout '10' in seconds
2026-02-05 21:11:06 INFO  - CheckBox 'Checkbox 1' :: Getting state
2026-02-05 21:11:06 DEBUG - Set implicit timeout '0' in seconds
2026-02-05 21:11:06 DEBUG - Set implicit timeout '10' in seconds
2026-02-05 21:11:06 INFO  - CheckBox 'Checkbox 1' :: State: [false]
2026-02-05 21:11:06 INFO  - CheckBox 'Checkbox 1' :: Setting value - 'true'
2026-02-05 21:11:06 DEBUG - Set implicit timeout '0' in seconds
2026-02-05 21:11:06 DEBUG - Set implicit timeout '10' in seconds
2026-02-05 21:11:06 INFO  - CheckBox 'Checkbox 1' :: Clicking
2026-02-05 21:11:06 DEBUG - Set implicit timeout '0' in seconds
2026-02-05 21:11:06 DEBUG - Set implicit timeout '10' in seconds
2026-02-05 21:11:06 DEBUG - Set implicit timeout '0' in seconds
2026-02-05 21:11:06 DEBUG - Set implicit timeout '10' in seconds
2026-02-05 21:11:06 INFO  - CheckBox 'Checkbox 1' :: Getting state
2026-02-05 21:11:06 DEBUG - Set implicit timeout '0' in seconds
2026-02-05 21:11:06 DEBUG - Set implicit timeout '10' in seconds
2026-02-05 21:11:06 INFO  - CheckBox 'Checkbox 1' :: State: [true]
2026-02-05 21:11:06 INFO  - Refreshing the page
2026-02-05 21:11:06 INFO  - CheckBox 'Checkbox 1' :: Getting state
2026-02-05 21:11:06 DEBUG - Set implicit timeout '0' in seconds
2026-02-05 21:11:06 DEBUG - Set implicit timeout '10' in seconds
2026-02-05 21:11:06 INFO  - CheckBox 'Checkbox 1' :: State: [false]
2026-02-05 21:11:06 INFO  - Closing browser
2026-02-05 21:11:06 DEBUG - Got browser profile options from settings file: 
{disable-popup-blocking=true, profile.default_content_settings.popups=0, download.prompt_for_download=false, intl.accept_languages=en, safebrowsing.enabled=true, download.default_directory=./src/test/resources}
2026-02-05 21:11:06 DEBUG - Got browser logging preferences from settings file: 
{Performance=All}
2026-02-05 21:11:08 DEBUG - Set '40' timeout in seconds for loading of pages
2026-02-05 21:11:08 DEBUG - Set async javascript execution timeout '30' in seconds
2026-02-05 21:11:08 INFO  - Browser 'CHROME' ready...
2026-02-05 21:11:08 INFO  - Maximizing browser window
2026-02-05 21:11:08 INFO  - Navigate to url - 'https://the-internet.herokuapp.com'
2026-02-05 21:11:11 DEBUG - Set implicit timeout '0' in seconds
2026-02-05 21:11:11 DEBUG - Set implicit timeout '10' in seconds
2026-02-05 21:11:11 INFO  - Link 'Multiple Windows link' :: Scrolling to the center via JavaScript
2026-02-05 21:11:11 DEBUG - Set implicit timeout '0' in seconds
2026-02-05 21:11:11 DEBUG - Set implicit timeout '10' in seconds
2026-02-05 21:11:11 INFO  - Link 'Multiple Windows link' :: Clicking
2026-02-05 21:11:11 DEBUG - Set implicit timeout '0' in seconds
2026-02-05 21:11:11 DEBUG - Set implicit timeout '10' in seconds
2026-02-05 21:11:11 DEBUG - Set implicit timeout '0' in seconds
2026-02-05 21:11:11 DEBUG - Set implicit timeout '10' in seconds
2026-02-05 21:11:11 DEBUG - Set implicit timeout '0' in seconds
2026-02-05 21:11:11 DEBUG - Set implicit timeout '10' in seconds
2026-02-05 21:11:11 INFO  - Link 'Click Here link' :: Clicking
2026-02-05 21:11:11 DEBUG - Set implicit timeout '0' in seconds
2026-02-05 21:11:12 DEBUG - Set implicit timeout '10' in seconds
2026-02-05 21:11:12 DEBUG - Set implicit timeout '0' in seconds
2026-02-05 21:11:12 DEBUG - Set implicit timeout '10' in seconds
2026-02-05 21:11:12 INFO  - Label 'Header' :: Getting text from element
2026-02-05 21:11:12 DEBUG - Set implicit timeout '0' in seconds
2026-02-05 21:11:12 DEBUG - Set implicit timeout '10' in seconds
2026-02-05 21:11:12 DEBUG - Set implicit timeout '0' in seconds
2026-02-05 21:11:12 DEBUG - Set implicit timeout '10' in seconds
2026-02-05 21:11:12 INFO  - Label 'Header' :: Element's text: [New Window]
2026-02-05 21:11:12 INFO  - Return to previous page
2026-02-05 21:11:12 DEBUG - Set implicit timeout '0' in seconds
2026-02-05 21:11:12 DEBUG - Set implicit timeout '10' in seconds
2026-02-05 21:11:12 INFO  - Closing browser
